<?xml version="1.0" encoding="UTF-8"?>
<testsuite xmlns:xsi="http://www.w3.org/2001/XMLSchema-instance" xsi:noNamespaceSchemaLocation="https://maven.apache.org/surefire/maven-surefire-plugin/xsd/surefire-test-report-3.0.xsd" version="3.0" name="CalculTest" time="0.007" tests="7" errors="0" skipped="0" failures="0">
  <properties>
[...]
</properties>
  <testcase name="testSomme" classname="CalculTest" time="0.001"/>
  <testcase name="testConstructeur" classname="CalculTest" time="0.001"/>
  <testcase name="testDivision2" classname="CalculTest" time="0"/>
  <testcase name="testDivision" classname="CalculTest" time="0"/>
  <testcase name="testNoteBornee1" classname="CalculTest" time="0"/>
  <testcase name="testNoteBornee2" classname="CalculTest" time="0"/>
  <testcase name="testNoteBornee3" classname="CalculTest" time="0"/>
</testsuite>